make all --print-data-base --no-builtin-variables --no-builtin-rules --question
make: *** No rule to make target 'all'.  Stop.

# GNU Make 4.1
# Built for x86_64-pc-linux-gnu
# Copyright (C) 1988-2014 Free Software Foundation, Inc.
# License GPLv3+: GNU GPL version 3 or later <http://gnu.org/licenses/gpl.html>
# This is free software: you are free to change and redistribute it.
# There is NO WARRANTY, to the extent permitted by law.

# Make data base, printed on Mon Aug 22 10:04:33 2022

# Variables

# 'override' directive
GNUMAKEFLAGS := 
# automatic
<D = $(patsubst %/,%,$(dir $<))
# automatic
?F = $(notdir $?)
# environment
DESKTOP_SESSION = ubuntu
# default
.SHELLFLAGS := -c
# environment
SNAP_COMMON = /var/snap/code/common
# environment
XDG_SESSION_TYPE = x11
# environment
VSCODE_LOG_NATIVE = false
# automatic
?D = $(patsubst %/,%,$(dir $?))
# environment
IM_CONFIG_PHASE = 2
# automatic
@D = $(patsubst %/,%,$(dir $@))
# environment
XAUTHORITY = /run/user/1000/gdm/Xauthority
# environment
GDMSESSION = ubuntu
# environment
XMODIFIERS = @im=ibus
# makefile
CURDIR := /home/vivi/traceable-isogeny/traceable-isogeny
# makefile
SHELL = /bin/sh
# environment
SNAP_DATA = /var/snap/code/99
# environment
VSCODE_NLS_CONFIG = {"locale":"zh-cn","availableLanguages":{"*":"zh-cn"},"_languagePackId":"bbca1a7059cee8a1b93da8947fee1c4f.zh-cn","_translationsConfigFile":"/home/vivi/.config/Code/clp/bbca1a7059cee8a1b93da8947fee1c4f.zh-cn/tcf.json","_cacheRoot":"/home/vivi/.config/Code/clp/bbca1a7059cee8a1b93da8947fee1c4f.zh-cn","_resolvedLanguagePackCoreLocation":"/home/vivi/.config/Code/clp/bbca1a7059cee8a1b93da8947fee1c4f.zh-cn/30d9c6cd9483b2cc586687151bcbcd635f373630","_corruptedFile":"/home/vivi/.config/Code/clp/bbca1a7059cee8a1b93da8947fee1c4f.zh-cn/corrupted.info","_languagePackSupport":true}
# environment
_ = /snap/code/99/usr/share/code/code
# makefile (from 'Makefile', line 2)
CFLAGS = -I XKCP/bin/Haswell/
# environment
XDG_CONFIG_DIRS = /etc/xdg/xdg-ubuntu:/etc/xdg
# environment
SNAP_INSTANCE_NAME = code
# environment
SNAP_ARCH = amd64
# makefile (from 'Makefile', line 1)
MAKEFILE_LIST :=  Makefile
# automatic
@F = $(notdir $@)
# environment
GIO_LAUNCHED_DESKTOP_FILE = /var/lib/snapd/desktop/applications/code_code.desktop
# environment
USERNAME = vivi
# environment
XDG_DATA_DIRS = /usr/share/ubuntu:/usr/local/share/:/usr/share/:/var/lib/snapd/desktop
# environment
DBUS_SESSION_BUS_ADDRESS = unix:path=/run/user/1000/bus
# environment
VSCODE_VERBOSE_LOGGING = true
# environment
CLUTTER_IM_MODULE = xim
# environment
LESSOPEN = | /usr/bin/lesspipe %s
# environment
VSCODE_CWD = /home/vivi
# environment
GSETTINGS_SCHEMA_DIR = /snap/code/99/usr/share/glib-2.0/schemas
# default
MAKE_HOST := x86_64-pc-linux-gnu
# environment
PATH = /usr/local/sbin:/usr/local/bin:/usr/sbin:/usr/bin:/sbin:/bin:/usr/games:/usr/local/games:/snap/bin
# environment
GPG_AGENT_INFO = /run/user/1000/gnupg/S.gpg-agent:0:1
# environment
SESSION_MANAGER = local/vivi-virtual-machine:@/tmp/.ICE-unix/1996,unix/vivi-virtual-machine:/tmp/.ICE-unix/1996
# environment
XDG_RUNTIME_DIR = /run/user/1000
# environment
GDK_PIXBUF_MODULE_FILE = /home/vivi/snap/code/common/.cache/gdk-pixbuf-loaders.cache
# environment
TEXTDOMAIN = im-config
# environment
SNAP = /snap/code/99
# environment
SNAP_VERSION = 30d9c6cd
# environment
XDG_MENU_PREFIX = gnome-
# environment
VSCODE_LOG_STACK = false
# environment
DISABLE_WAYLAND = 1
# environment
ELECTRON_RUN_AS_NODE = 1
# environment
GDK_PIXBUF_MODULEDIR = /snap/code/99/usr/lib/x86_64-linux-gnu/gdk-pixbuf-2.0/2.10.0/loaders
# default
.FEATURES := target-specific order-only second-expansion else-if shortest-stem undefine oneshell archives jobserver output-sync check-symlink load
# environment
LS_COLORS = 
# environment
XDG_SESSION_DESKTOP = ubuntu
# environment
SSH_AUTH_SOCK = /run/user/1000/keyring/ssh
# environment
GIO_LAUNCHED_DESKTOP_FILE_PID = 3111
# automatic
%F = $(notdir $%)
# environment
DISPLAY = :0
# environment
GTK_IM_MODULE = ibus
# environment
VSCODE_PIPE_LOGGING = true
# environment
SNAP_INSTANCE_KEY = 
# environment
PWD = /home/vivi/traceable-isogeny/traceable-isogeny
# environment
XDG_SEAT = seat0
# environment
SSH_AGENT_PID = 2091
# environment
ORIGINAL_XDG_CURRENT_DESKTOP = ubuntu:GNOME
# environment
GTK_MODULES = gail:atk-bridge
# environment
VSCODE_AMD_ENTRYPOINT = vs/workbench/api/node/extensionHostProcess
# environment
HOME = /home/vivi
# environment
LESSCLOSE = /usr/bin/lesspipe %s %s
# environment
VSCODE_CLI = 1
# environment
VSCODE_CODE_CACHE_PATH = /home/vivi/.config/Code/CachedData/30d9c6cd9483b2cc586687151bcbcd635f373630
# environment
LOGNAME = vivi
# environment
APPLICATION_INSIGHTS_NO_DIAGNOSTIC_CHANNEL = 1
# environment
SNAP_LIBRARY_PATH = /var/lib/snapd/lib/gl:/var/lib/snapd/lib/gl32:/var/lib/snapd/void
# environment
SNAP_CONTEXT = QpKsFCJ3CPBpn44QN4Wyk52wxhV3VdSByFrM1k3BJGRP
# makefile (from 'Makefile', line 6)
IMPLEMENTATION_HEADERS = seedtree.h lrsign.h rsign.h trsign.h parameters.h 
# environment
ELECTRON_NO_ATTACH_CONSOLE = 1
# environment
SNAP_USER_COMMON = /home/vivi/snap/code/common
# environment
VSCODE_HANDLES_UNCAUGHT_ERRORS = true
# default
MAKE_VERSION := 4.1
# environment
GNOME_DESKTOP_SESSION_ID = this-is-deprecated
# automatic
^D = $(patsubst %/,%,$(dir $^))
# environment
XDG_VTNR = 2
# environment
MAKELEVEL := 0
# environment
SNAP_REAL_HOME = /home/vivi
# default
MAKE = $(MAKE_COMMAND)
# default
MAKECMDGOALS := all
# environment
QT_IM_MODULE = xim
# environment
SNAP_USER_DATA = /home/vivi/snap/code/99
# environment
SHLVL = 0
# makefile (from 'Makefile', line 1)
CC = gcc
# environment
GNOME_SHELL_SESSION_MODE = ubuntu
# makefile (from 'Makefile', line 5)
IMPLEMENTATION_SOURCE = seedtree.c lrsign.c rsign.c trsign.c  test.c
# environment
VSCODE_IPC_HOOK_EXTHOST = /run/user/1000/vscode-ipc-a6496686-6f02-45e8-be8b-83336358418d.sock
# environment
XDG_SESSION_ID = 2
# environment
USER = vivi
# environment
SNAP_REVISION = 99
# makefile
.DEFAULT_GOAL := test_rs_iso
# environment
XDG_CURRENT_DESKTOP = Unity
# automatic
%D = $(patsubst %/,%,$(dir $%))
# makefile (from 'Makefile', line 3)
LFLAGS = -L XKCP/bin/Haswell/ -lgmp -lkeccak -lcrypto
# default
MAKE_COMMAND := make
# default
.VARIABLES := 
# automatic
*F = $(notdir $*)
# environment
LANGUAGE = zh_CN:zh
# environment
VSCODE_IPC_HOOK = /run/user/1000/vscode-10f03b6b-1.68.1-main.sock
# environment
BAMF_DESKTOP_FILE_HINT = /var/lib/snapd/desktop/applications/code_code.desktop
# makefile
MAKEFLAGS = pqrR
# environment
MFLAGS = -pqrR
# automatic
*D = $(patsubst %/,%,$(dir $*))
# automatic
+D = $(patsubst %/,%,$(dir $+))
# environment
GDK_BACKEND = x11
# automatic
+F = $(notdir $+)
# environment
NO_AT_BRIDGE = 1
# environment
QT_ACCESSIBILITY = 1
# environment
TEXTDOMAINDIR = /usr/share/locale/
# default
MAKEFILES := 
# environment
SNAP_COOKIE = QpKsFCJ3CPBpn44QN4Wyk52wxhV3VdSByFrM1k3BJGRP
# automatic
<F = $(notdir $<)
# environment
SNAP_NAME = code
# environment
LC_ALL = C
# environment
QT4_IM_MODULE = xim
# environment
GJS_DEBUG_TOPICS = JS ERROR;JS LOG
# automatic
^F = $(notdir $^)
# default
SUFFIXES := 
# environment
SNAP_REEXEC = 
# environment
CHROME_DESKTOP = code-url-handler.desktop
# environment
WINDOWPATH = 2
# default
.INCLUDE_DIRS = /usr/include /usr/local/include /usr/include
# environment
GJS_DEBUG_OUTPUT = stderr
# default
.RECIPEPREFIX := 
# environment
LANG = C
# environment
VSCODE_PID = 3230
# variable set hash-table stats:
# Load=130/1024=13%, Rehash=0, Collisions=19/165=12%

# Pattern-specific Variable Values

# No pattern-specific variable values.

# Directories

# . (device 2049, inode 2757507): 25 files, no impossibilities.
 

# 25 files, no impossibilities in 1 directories.

# Implicit Rules

# No implicit rules.

# Files

# Not a target:
all:
#  Command line target.
#  Implicit rule search has been done.
#  File does not exist.
#  File has not been updated.

# Not a target:
rsign.h:
#  Implicit rule search has not been done.
#  Modification time never checked.
#  File has not been updated.

.PHONY: clean
#  Implicit rule search has not been done.
#  Modification time never checked.
#  File has not been updated.

# Not a target:
Makefile:
#  Implicit rule search has been done.
#  Last modified 2022-08-22 10:04:11.042232488
#  File has been updated.
#  Successfully updated.

test_rs_lat: seedtree.c lrsign.c rsign.c trsign.c test.c seedtree.h lrsign.h rsign.h trsign.h parameters.h keccaklib LatticeAction/liblattice.a
#  Implicit rule search has not been done.
#  Modification time never checked.
#  File has not been updated.
#  recipe to execute (from 'Makefile', line 12):
	gcc -o test_rs_lat $(IMPLEMENTATION_SOURCE) $(CFLAGS) -I LatticeAction/ -DLATTICE -L LatticeAction/ -llattice $(LFLAGS) -std=c11 -O3 -g -march=native 

# Not a target:
parameters.h:
#  Implicit rule search has not been done.
#  Modification time never checked.
#  File has not been updated.

test_lrs_lat: seedtree.c lrsign.c rsign.c trsign.c test.c seedtree.h lrsign.h rsign.h trsign.h parameters.h keccaklib LatticeAction/liblattice.a
#  Implicit rule search has not been done.
#  Modification time never checked.
#  File has not been updated.
#  recipe to execute (from 'Makefile', line 18):
	gcc -o test_lrs_lat $(IMPLEMENTATION_SOURCE) $(CFLAGS) -I LatticeAction/ -DLATTICE -L LatticeAction/ -DTEST_LINKABLE -llattice $(LFLAGS) -std=c11 -O3 -g -march=native 

# Not a target:
lrsign.c:
#  Implicit rule search has not been done.
#  Modification time never checked.
#  File has not been updated.

# Not a target:
trsign.c:
#  Implicit rule search has not been done.
#  Modification time never checked.
#  File has not been updated.

test_trs_iso: seedtree.c lrsign.c rsign.c trsign.c test.c seedtree.h lrsign.h rsign.h trsign.h parameters.h ClassGroupAction/libclassgroup.a keccaklib
#  Implicit rule search has not been done.
#  Modification time never checked.
#  File has not been updated.
#  recipe to execute (from 'Makefile', line 21):
	gcc -o test_trs_iso $(IMPLEMENTATION_SOURCE) $(CFLAGS) -I ClassGroupAction/p512/ -I ClassGroupAction/ -DTEST_TRACEABLE -DISOGENY -L ClassGroupAction/ -lclassgroup $(LFLAGS) -std=c11 -O3 -g -march=native 

# Not a target:
seedtree.c:
#  Implicit rule search has not been done.
#  Modification time never checked.
#  File has not been updated.

# Not a target:
lrsign.h:
#  Implicit rule search has not been done.
#  Modification time never checked.
#  File has not been updated.

# Not a target:
trsign.h:
#  Implicit rule search has not been done.
#  Modification time never checked.
#  File has not been updated.

# Not a target:
.DEFAULT:
#  Implicit rule search has not been done.
#  Modification time never checked.
#  File has not been updated.

keccaklib:
#  Implicit rule search has not been done.
#  Modification time never checked.
#  File has not been updated.
#  recipe to execute (from 'Makefile', line 30):
	(cd XKCP; make Haswell/libkeccak.a)

# Not a target:
seedtree.h:
#  Implicit rule search has not been done.
#  Modification time never checked.
#  File has not been updated.

# Not a target:
test.c:
#  Implicit rule search has not been done.
#  Modification time never checked.
#  File has not been updated.

clean:
#  Phony target (prerequisite of .PHONY).
#  Implicit rule search has not been done.
#  File does not exist.
#  File has not been updated.
#  recipe to execute (from 'Makefile', line 34):
	rm -f PQCgenKAT_sign test debug test_offline intermediateValues.txt *.req *.rsp >/dev/null

LatticeAction/liblattice.a: LatticeAction/params.h
#  Implicit rule search has not been done.
#  Modification time never checked.
#  File has not been updated.
#  recipe to execute (from 'Makefile', line 27):
	(cd LatticeAction; make liblattice)

test_rs_iso: seedtree.c lrsign.c rsign.c trsign.c test.c seedtree.h lrsign.h rsign.h trsign.h parameters.h ClassGroupAction/libclassgroup.a keccaklib
#  Implicit rule search has not been done.
#  Modification time never checked.
#  File has not been updated.
#  recipe to execute (from 'Makefile', line 9):
	gcc -o test_rs_iso $(IMPLEMENTATION_SOURCE) $(CFLAGS) -I ClassGroupAction/p512/ -I ClassGroupAction/ -DISOGENY -L ClassGroupAction/ -lclassgroup $(LFLAGS) -std=c11 -O3 -g -march=native 

test_lrs_iso: seedtree.c lrsign.c rsign.c trsign.c test.c seedtree.h lrsign.h rsign.h trsign.h parameters.h ClassGroupAction/libclassgroup.a keccaklib
#  Implicit rule search has not been done.
#  Modification time never checked.
#  File has not been updated.
#  recipe to execute (from 'Makefile', line 15):
	gcc -o test_lrs_iso $(IMPLEMENTATION_SOURCE) $(CFLAGS) -I ClassGroupAction/p512/ -I ClassGroupAction/ -DTEST_LINKABLE -DISOGENY -L ClassGroupAction/ -lclassgroup $(LFLAGS) -std=c11 -O3 -g -march=native 

# Not a target:
LatticeAction/params.h:
#  Implicit rule search has not been done.
#  Modification time never checked.
#  File has not been updated.

ClassGroupAction/libclassgroup.a:
#  Implicit rule search has not been done.
#  Modification time never checked.
#  File has not been updated.
#  recipe to execute (from 'Makefile', line 24):
	(cd ClassGroupAction; make classgroup)

# Not a target:
rsign.c:
#  Implicit rule search has not been done.
#  Modification time never checked.
#  File has not been updated.

# files hash-table stats:
# Load=25/1024=2%, Rehash=0, Collisions=0/101=0%
# VPATH Search Paths

# No 'vpath' search paths.

# No general ('VPATH' variable) search path.

# strcache buffers: 1 (0) / strings = 38 / storage = 480 B / avg = 12 B
# current buf: size = 8162 B / used = 480 B / count = 38 / avg = 12 B

# strcache performance: lookups = 116 / hit rate = 67%
# hash-table stats:
# Load=38/8192=0%, Rehash=0, Collisions=2/116=2%
# Finished Make data base on Mon Aug 22 10:04:33 2022

 
